<?xml version="1.0" encoding="UTF-8"?>
<!-- Generated by org.testng.reporters.JUnitReportReporter -->
<testsuite hostname="LM-SIN-00676005" name="com.lsoe.coolcsv.CoolCSVRecordTest" tests="1" failures="0" timestamp="7 Apr 2015 10:30:30 GMT" time="0.015" errors="0">
  <testcase name="run" time="0.015" classname="com.lsoe.coolcsv.CoolCSVRecordTest"/>
</testsuite> <!-- com.lsoe.coolcsv.CoolCSVRecordTest -->
